<?xml version="1.0" encoding="UTF-8"?>
<!-- Generated by org.testng.reporters.JUnitReportReporter -->
<testsuite skipped="0" hostname="DESKTOP-V86K2GV" name="testCases.TC_002_LoginTest" tests="1" failures="0" timestamp="2021-03-24T14:20:10 EDT" time="11.904" errors="0">
  <testcase name="test_login_Page" time="11.904" classname="testCases.TC_002_LoginTest"/>
  <system-out/>
</testsuite> <!-- testCases.TC_002_LoginTest -->
