<?xml version="1.0" encoding="UTF-8"?>
<!-- Generated by org.testng.reporters.JUnitReportReporter -->
<testsuite skipped="0" hostname="DESKTOP-V86K2GV" name="testCases.TC_003_LoginDataDrivenTest" tests="4" failures="0" timestamp="2021-03-23T22:53:06 EDT" time="42.835" errors="0">
  <testcase name="test_LoginDDT" time="11.951" classname="testCases.TC_003_LoginDataDrivenTest"/>
  <system-out/>
  <testcase name="test_LoginDDT" time="11.806" classname="testCases.TC_003_LoginDataDrivenTest"/>
  <system-out/>
  <testcase name="test_LoginDDT" time="6.868" classname="testCases.TC_003_LoginDataDrivenTest"/>
  <system-out/>
  <testcase name="test_LoginDDT" time="12.210" classname="testCases.TC_003_LoginDataDrivenTest"/>
  <system-out/>
</testsuite> <!-- testCases.TC_003_LoginDataDrivenTest -->
