<?xml version="1.0" encoding="UTF-8"?>
<!-- Generated by org.testng.reporters.JUnitReportReporter -->
<testsuite skipped="0" hostname="DESKTOP-V86K2GV" name="testCases.TC_001_RegistrationPage" tests="1" failures="0" timestamp="2021-03-24T14:20:10 EDT" time="13.175" errors="0">
  <testcase name="test_account_Registration" time="13.175" classname="testCases.TC_001_RegistrationPage"/>
  <system-out/>
</testsuite> <!-- testCases.TC_001_RegistrationPage -->
