<?xml version="1.0" encoding="UTF-8"?>
<!-- Generated by org.testng.reporters.JUnitReportReporter -->
<testsuite skipped="0" hostname="DESKTOP-V86K2GV" name="testCases.SearchProductTest" tests="1" failures="0" timestamp="2021-03-23T23:25:14 EDT" time="5.435" errors="0">
  <testcase name="test_Exisitng_product" time="5.435" classname="testCases.SearchProductTest"/>
  <system-out/>
</testsuite> <!-- testCases.SearchProductTest -->
